<?xml version="1.0" encoding="UTF-8"?>
<!-- Generated by org.testng.reporters.JUnitXMLReporter -->
<testsuite ignored="8" hostname="Ammars-Air.fios-router.home" failures="0" tests="1" name="Default test" time="3.141" errors="0" timestamp="2022-12-17T22:47:55 EST">
  <testcase classname="petStoreApiTests.PetStoreApiTests" name="createCatWithJsonFile" time="2.57"/>
  <testcase classname="petStoreApiTests.PetStoreApiTests" name="getById" time="0.0">
    <ignored/>
  </testcase> <!-- getById -->
  <testcase classname="petStoreApiTests.PetStoreApiTests" name="postAPet" time="0.0">
    <ignored/>
  </testcase> <!-- postAPet -->
  <testcase classname="petStoreApiTests.PetStoreApiTests" name="findPetByStatus" time="0.0">
    <ignored/>
  </testcase> <!-- findPetByStatus -->
  <testcase classname="petStoreApiTests.PetStoreApiTests" name="postACat" time="0.0">
    <ignored/>
  </testcase> <!-- postACat -->
  <testcase classname="petStoreApiTests.PetStoreApiTests" name="updateCat" time="0.0">
    <ignored/>
  </testcase> <!-- updateCat -->
  <testcase classname="petStoreApiTests.PetStoreApiTests" name="invalidIdUpdateCat" time="0.0">
    <ignored/>
  </testcase> <!-- invalidIdUpdateCat -->
  <testcase classname="petStoreApiTests.PetStoreApiTests" name="getPetById" time="0.0">
    <ignored/>
  </testcase> <!-- getPetById -->
  <testcase classname="petStoreApiTests.PetStoreApiTests" name="chainValidation" time="0.0">
    <ignored/>
  </testcase> <!-- chainValidation -->
</testsuite> <!-- Default test -->
