<?xml version="1.0" encoding="UTF-8"?>
<testng-results ignored="8" total="9" passed="1" failed="0" skipped="0">
  <reporter-output>
  </reporter-output>
  <suite started-at="2022-12-17T22:47:52 EST" name="Default suite" finished-at="2022-12-17T22:47:55 EST" duration-ms="3141">
    <groups>
    </groups>
    <test started-at="2022-12-17T22:47:52 EST" name="Default test" finished-at="2022-12-17T22:47:55 EST" duration-ms="3141">
      <class name="petStoreApiTests.PetStoreApiTests">
        <test-method is-config="true" signature="setup()[pri:0, instance:petStoreApiTests.PetStoreApiTests@7f010382]" started-at="2022-12-17T22:47:52 EST" name="setup" finished-at="2022-12-17T22:47:53 EST" duration-ms="534" status="PASS">
          <reporter-output>
          </reporter-output>
        </test-method> <!-- setup -->
        <test-method signature="createCatWithJsonFile()[pri:0, instance:petStoreApiTests.PetStoreApiTests@7f010382]" started-at="2022-12-17T22:47:53 EST" name="createCatWithJsonFile" finished-at="2022-12-17T22:47:55 EST" duration-ms="2570" status="PASS">
          <reporter-output>
          </reporter-output>
        </test-method> <!-- createCatWithJsonFile -->
        <test-method is-config="true" signature="cleanup()[pri:0, instance:petStoreApiTests.PetStoreApiTests@7f010382]" started-at="2022-12-17T22:47:55 EST" name="cleanup" finished-at="2022-12-17T22:47:55 EST" duration-ms="0" status="PASS">
          <reporter-output>
          </reporter-output>
        </test-method> <!-- cleanup -->
      </class> <!-- petStoreApiTests.PetStoreApiTests -->
    </test> <!-- Default test -->
  </suite> <!-- Default suite -->
</testng-results>
